2016-10-19 08:48:31,600 [main] DEBUG class java.lang.Class - Starting Andmore Common Plugin...
2016-10-19 08:48:31,600 [main] DEBUG class java.lang.Class - Andmore Common Plugin started.
2016-10-19 08:48:31,600 [main] DEBUG class java.lang.Class - Starting Andmore Plugin...
2016-10-19 08:48:31,600 [main] DEBUG class java.lang.Class - Andmore Plugin started.
2016-10-19 08:48:32,692 [main] DEBUG class java.lang.Class - Starting Andmore Emulator Plugin...
2016-10-19 08:48:32,754 [main] DEBUG class java.lang.Class - Andmore Emulator Plugin started.
2016-10-19 08:48:32,754 [main] DEBUG class java.lang.Class - Starting Andmore Handset Plugin...
2016-10-19 08:48:32,754 [main] DEBUG class java.lang.Class - Andmore Handset Plugin started.
2016-10-19 08:48:32,754 [main] DEBUG class java.lang.Class - Starting Andmore Remote Device Plugin...
2016-10-19 08:48:32,754 [main] DEBUG class java.lang.Class - Starting Andmore Remote Device Plugin started.
2016-10-19 08:48:32,770 [main] DEBUG class java.lang.Class - Starting Andmore Device Services Plugin...
2016-10-19 08:48:32,770 [main] DEBUG class java.lang.Class - Andmore Device Services Plugin started.
2016-10-19 08:48:34,392 [main] DEBUG class java.lang.Class - Starting DDMS facade using listener...
2016-10-19 08:48:34,408 [main] DEBUG class java.lang.Class - DDMS facade started using listener.
2016-10-19 08:48:34,704 [Worker-5] DEBUG class org.eclipse.andmore.android.AndroidPlugin - Notify SDK loader listeners
2016-10-19 08:48:36,654 [Worker-2] DEBUG class org.eclipse.andmore.android.AndroidPlugin - Notify SDK loader listeners
2016-10-19 08:48:52,161 [Worker-4] ERROR Studio for Android - Handler could not be instanced(PLUGIN=org.eclipse.sequoyah.device.framework;ERROR=202)
2016-10-19 08:48:52,161 [Worker-4] ERROR Studio for Android - Handler could not be instanced(PLUGIN=org.eclipse.sequoyah.device.framework;ERROR=202)
2016-10-19 08:48:52,161 [Worker-4] ERROR Studio for Android - Handler could not be instanced(PLUGIN=org.eclipse.sequoyah.device.framework;ERROR=202)
2016-10-19 08:48:52,162 [Worker-4] ERROR Studio for Android - Handler could not be instanced(PLUGIN=org.eclipse.sequoyah.device.framework;ERROR=202)
2016-10-19 08:48:52,162 [Worker-4] ERROR Studio for Android - Handler could not be instanced(PLUGIN=org.eclipse.sequoyah.device.framework;ERROR=202)
2016-10-19 08:48:52,162 [Worker-4] ERROR Studio for Android - Handler could not be instanced(PLUGIN=org.eclipse.sequoyah.device.framework;ERROR=202)
2016-10-19 08:48:52,162 [Worker-4] ERROR Studio for Android - Handler could not be instanced(PLUGIN=org.eclipse.sequoyah.device.framework;ERROR=202)
2016-10-19 08:48:52,162 [Worker-4] ERROR Studio for Android - Handler could not be instanced(PLUGIN=org.eclipse.sequoyah.device.framework;ERROR=202)
2016-10-19 08:48:52,162 [Worker-4] ERROR Studio for Android - Handler could not be instanced(PLUGIN=org.eclipse.sequoyah.device.framework;ERROR=202)
2016-10-19 08:48:52,163 [Worker-4] ERROR Studio for Android - Handler could not be instanced(PLUGIN=org.eclipse.sequoyah.device.framework;ERROR=202)
2016-10-19 08:48:52,163 [Worker-4] ERROR Studio for Android - Handler could not be instanced(PLUGIN=org.eclipse.sequoyah.device.framework;ERROR=202)
2016-10-19 08:48:52,163 [Worker-4] ERROR Studio for Android - Handler could not be instanced(PLUGIN=org.eclipse.sequoyah.device.framework;ERROR=202)
2016-10-19 08:48:52,163 [Worker-4] ERROR Studio for Android - Handler could not be instanced(PLUGIN=org.eclipse.sequoyah.device.framework;ERROR=202)
2016-10-19 08:48:52,163 [Worker-4] ERROR Studio for Android - Handler could not be instanced(PLUGIN=org.eclipse.sequoyah.device.framework;ERROR=202)
2016-10-19 08:48:52,164 [Worker-4] ERROR Studio for Android - Handler could not be instanced(PLUGIN=org.eclipse.sequoyah.device.framework;ERROR=202)
2016-10-19 08:48:52,164 [Worker-4] ERROR Studio for Android - Handler could not be instanced(PLUGIN=org.eclipse.sequoyah.device.framework;ERROR=202)
2016-10-19 08:48:52,164 [Worker-4] ERROR Studio for Android - Handler could not be instanced(PLUGIN=org.eclipse.sequoyah.device.framework;ERROR=202)
2016-10-19 08:48:52,164 [Worker-4] ERROR Studio for Android - Handler could not be instanced(PLUGIN=org.eclipse.sequoyah.device.framework;ERROR=202)
2016-10-19 08:48:52,164 [Worker-4] ERROR Studio for Android - Handler could not be instanced(PLUGIN=org.eclipse.sequoyah.device.framework;ERROR=202)
2016-10-19 08:48:52,164 [Worker-4] ERROR Studio for Android - Handler could not be instanced(PLUGIN=org.eclipse.sequoyah.device.framework;ERROR=202)
2016-10-19 08:48:52,164 [Worker-4] ERROR Studio for Android - Handler could not be instanced(PLUGIN=org.eclipse.sequoyah.device.framework;ERROR=202)
2016-10-19 08:48:52,165 [Worker-4] ERROR Studio for Android - Handler could not be instanced(PLUGIN=org.eclipse.sequoyah.device.framework;ERROR=202)
2016-10-19 08:48:52,165 [Worker-4] ERROR Studio for Android - Handler could not be instanced(PLUGIN=org.eclipse.sequoyah.device.framework;ERROR=202)
2016-10-19 08:48:52,165 [Worker-4] ERROR Studio for Android - Handler could not be instanced(PLUGIN=org.eclipse.sequoyah.device.framework;ERROR=202)
2016-10-19 08:48:52,165 [Worker-4] ERROR Studio for Android - Handler could not be instanced(PLUGIN=org.eclipse.sequoyah.device.framework;ERROR=202)
2016-10-19 08:48:52,165 [Worker-4] ERROR Studio for Android - Handler could not be instanced(PLUGIN=org.eclipse.sequoyah.device.framework;ERROR=202)
2016-10-19 08:48:52,165 [Worker-4] ERROR Studio for Android - Handler could not be instanced(PLUGIN=org.eclipse.sequoyah.device.framework;ERROR=202)
2016-10-19 08:48:52,165 [Worker-4] ERROR Studio for Android - Handler could not be instanced(PLUGIN=org.eclipse.sequoyah.device.framework;ERROR=202)
2016-10-19 08:48:52,166 [Worker-4] ERROR Studio for Android - Handler could not be instanced(PLUGIN=org.eclipse.sequoyah.device.framework;ERROR=202)
2016-10-19 08:48:52,166 [Worker-4] ERROR Studio for Android - Handler could not be instanced(PLUGIN=org.eclipse.sequoyah.device.framework;ERROR=202)
2016-10-19 08:48:52,166 [Worker-4] INFO  Studio for Android - [Status: id=org.eclipse.andmore.android.emulator.status.offline;name=Offline]
2016-10-19 08:48:52,166 [Worker-4] INFO  Studio for Android - [Status: id=org.eclipse.andmore.android.handset.status.handsetonline;name=Online]
2016-10-19 08:48:52,166 [Worker-4] INFO  Studio for Android - [Status: id=INACTIVE;name=INACTIVE]
2016-10-19 08:48:52,166 [Worker-4] INFO  Studio for Android - [Status: id=org.eclipse.andmore.android.emulator.status.notavailable;name=Not available]
2016-10-19 08:48:52,167 [Worker-4] INFO  Studio for Android - [Status: id=IDLE;name=IDLE]
2016-10-19 08:48:52,167 [Worker-4] INFO  Studio for Android - [Status: id=org.eclipse.andmore.android.remote.status.connected;name=Connected]
2016-10-19 08:48:52,167 [Worker-4] INFO  Studio for Android - [Status: id=org.eclipse.andmore.android.remote.status.disconnected;name=Disconnected]
2016-10-19 08:48:52,167 [Worker-4] INFO  Studio for Android - [Status: id=org.eclipse.andmore.android.emulator.status.online;name=Online]
2016-10-19 08:48:52,167 [Worker-4] INFO  Studio for Android - [Status: id=OFF;name=OFF]
2016-10-19 08:48:52,167 [Worker-4] INFO  Studio for Android - [Status: id=org.eclipse.andmore.android.emulator.status.offlineNoData;name=Offline (no user data)]
2016-10-19 08:50:06,042 [main] DEBUG class java.lang.Class - Starting Eclipse Andmore Database Core Plugin...
2016-10-19 08:50:06,068 [main] DEBUG Studio for Android - JDBC Driver Location:bundleentry://69.fwk10503704/res/androidjdbc.jar JDBC Driver getBundle().getLocation():reference:file:plugins/org.eclipse.andmore.android.common_0.5.0.201605181018.jar
2016-10-19 08:50:06,090 [main] DEBUG Studio for Android - JDBC Driver Path:C:\eclipse\configuration\org.eclipse.osgi\69\0\.cp\res\androidjdbc.jar
2016-10-19 08:50:06,090 [main] DEBUG Studio for Android - JDBC Driver Location:bundleentry://69.fwk10503704/res/androidjdbc.jar JDBC Driver getBundle().getLocation():reference:file:plugins/org.eclipse.andmore.android.common_0.5.0.201605181018.jar
2016-10-19 08:50:06,091 [main] DEBUG Studio for Android - JDBC Driver Path:C:\eclipse\configuration\org.eclipse.osgi\69\0\.cp\res\androidjdbc.jar
2016-10-19 08:50:06,104 [main] INFO  Studio for Android - Created a JDBC driver instance at Data Tools.
2016-10-19 08:50:06,113 [main] DEBUG class java.lang.Class - Eclipse Andmore Database Core Plugin started.
2016-10-19 08:50:06,113 [main] DEBUG class java.lang.Class - Starting Eclipse Andmore Database Devices Support Plugin...
2016-10-19 08:50:06,116 [main] DEBUG class java.lang.Class - Eclipse Andmore Database Devices Support Plugin started...
2016-10-19 08:50:06,927 [Framework stop] DEBUG Studio for Android - org.eclipse.sequoyah.device.service.start.StartServicePlugin-SHUTDOWN
2016-10-19 08:50:06,944 [Framework stop] DEBUG Studio for Android - org.eclipse.sequoyah.device.framework.ui.DeviceUIPlugin-SHUTDOWN
2016-10-19 08:50:06,944 [Framework stop] DEBUG Studio for Android - org.eclipse.sequoyah.device.service.stop.StopServicePlugin-SHUTDOWN
2016-10-19 08:50:06,944 [Framework stop] DEBUG Studio for Android - org.eclipse.sequoyah.device.framework.DevicePlugin-SHUTDOWN
2016-10-19 08:50:16,768 [Worker-4] DEBUG class java.lang.Class - Starting Andmore Common Plugin...
2016-10-19 08:50:16,768 [Worker-4] DEBUG class java.lang.Class - Andmore Common Plugin started.
2016-10-19 08:50:16,768 [Worker-4] DEBUG class java.lang.Class - Starting Andmore Plugin...
2016-10-19 08:50:16,768 [Worker-4] DEBUG class java.lang.Class - Andmore Plugin started.
2016-10-19 08:50:16,784 [Worker-4] DEBUG class java.lang.Class - Starting Andmore Emulator Plugin...
2016-10-19 08:50:16,799 [Worker-4] DEBUG class java.lang.Class - Andmore Emulator Plugin started.
2016-10-19 08:50:17,711 [Worker-4] DEBUG class java.lang.Class - Starting Andmore Device Services Plugin...
2016-10-19 08:50:17,711 [Worker-4] DEBUG class java.lang.Class - Andmore Device Services Plugin started.
2016-10-19 08:50:17,723 [Worker-4] DEBUG class java.lang.Class - Starting Andmore Handset Plugin...
2016-10-19 08:50:17,724 [Worker-4] DEBUG class java.lang.Class - Andmore Handset Plugin started.
2016-10-19 08:50:17,730 [Worker-4] DEBUG class java.lang.Class - Starting Andmore Remote Device Plugin...
2016-10-19 08:50:17,730 [Worker-4] DEBUG class java.lang.Class - Starting Andmore Remote Device Plugin started.
2016-10-19 08:50:17,741 [Worker-4] ERROR Studio for Android - Handler could not be instanced(PLUGIN=org.eclipse.sequoyah.device.framework;ERROR=202)
2016-10-19 08:50:17,741 [Worker-4] ERROR Studio for Android - Handler could not be instanced(PLUGIN=org.eclipse.sequoyah.device.framework;ERROR=202)
2016-10-19 08:50:17,742 [Worker-4] ERROR Studio for Android - Handler could not be instanced(PLUGIN=org.eclipse.sequoyah.device.framework;ERROR=202)
2016-10-19 08:50:17,742 [Worker-4] ERROR Studio for Android - Handler could not be instanced(PLUGIN=org.eclipse.sequoyah.device.framework;ERROR=202)
2016-10-19 08:50:17,742 [Worker-4] ERROR Studio for Android - Handler could not be instanced(PLUGIN=org.eclipse.sequoyah.device.framework;ERROR=202)
2016-10-19 08:50:17,742 [Worker-4] ERROR Studio for Android - Handler could not be instanced(PLUGIN=org.eclipse.sequoyah.device.framework;ERROR=202)
2016-10-19 08:50:17,742 [Worker-4] ERROR Studio for Android - Handler could not be instanced(PLUGIN=org.eclipse.sequoyah.device.framework;ERROR=202)
2016-10-19 08:50:17,742 [Worker-4] ERROR Studio for Android - Handler could not be instanced(PLUGIN=org.eclipse.sequoyah.device.framework;ERROR=202)
2016-10-19 08:50:17,742 [Worker-4] ERROR Studio for Android - Handler could not be instanced(PLUGIN=org.eclipse.sequoyah.device.framework;ERROR=202)
2016-10-19 08:50:17,743 [Worker-4] ERROR Studio for Android - Handler could not be instanced(PLUGIN=org.eclipse.sequoyah.device.framework;ERROR=202)
2016-10-19 08:50:17,743 [Worker-4] ERROR Studio for Android - Handler could not be instanced(PLUGIN=org.eclipse.sequoyah.device.framework;ERROR=202)
2016-10-19 08:50:17,743 [Worker-4] ERROR Studio for Android - Handler could not be instanced(PLUGIN=org.eclipse.sequoyah.device.framework;ERROR=202)
2016-10-19 08:50:17,744 [Worker-4] ERROR Studio for Android - Handler could not be instanced(PLUGIN=org.eclipse.sequoyah.device.framework;ERROR=202)
2016-10-19 08:50:17,744 [Worker-4] ERROR Studio for Android - Handler could not be instanced(PLUGIN=org.eclipse.sequoyah.device.framework;ERROR=202)
2016-10-19 08:50:17,744 [Worker-4] ERROR Studio for Android - Handler could not be instanced(PLUGIN=org.eclipse.sequoyah.device.framework;ERROR=202)
2016-10-19 08:50:17,744 [Worker-4] ERROR Studio for Android - Handler could not be instanced(PLUGIN=org.eclipse.sequoyah.device.framework;ERROR=202)
2016-10-19 08:50:17,744 [Worker-4] ERROR Studio for Android - Handler could not be instanced(PLUGIN=org.eclipse.sequoyah.device.framework;ERROR=202)
2016-10-19 08:50:17,744 [Worker-4] ERROR Studio for Android - Handler could not be instanced(PLUGIN=org.eclipse.sequoyah.device.framework;ERROR=202)
2016-10-19 08:50:17,745 [Worker-4] ERROR Studio for Android - Handler could not be instanced(PLUGIN=org.eclipse.sequoyah.device.framework;ERROR=202)
2016-10-19 08:50:17,745 [Worker-4] ERROR Studio for Android - Handler could not be instanced(PLUGIN=org.eclipse.sequoyah.device.framework;ERROR=202)
2016-10-19 08:50:17,745 [Worker-4] ERROR Studio for Android - Handler could not be instanced(PLUGIN=org.eclipse.sequoyah.device.framework;ERROR=202)
2016-10-19 08:50:17,745 [Worker-4] ERROR Studio for Android - Handler could not be instanced(PLUGIN=org.eclipse.sequoyah.device.framework;ERROR=202)
2016-10-19 08:50:17,745 [Worker-4] ERROR Studio for Android - Handler could not be instanced(PLUGIN=org.eclipse.sequoyah.device.framework;ERROR=202)
2016-10-19 08:50:17,745 [Worker-4] ERROR Studio for Android - Handler could not be instanced(PLUGIN=org.eclipse.sequoyah.device.framework;ERROR=202)
2016-10-19 08:50:17,745 [Worker-4] ERROR Studio for Android - Handler could not be instanced(PLUGIN=org.eclipse.sequoyah.device.framework;ERROR=202)
2016-10-19 08:50:17,745 [Worker-4] ERROR Studio for Android - Handler could not be instanced(PLUGIN=org.eclipse.sequoyah.device.framework;ERROR=202)
2016-10-19 08:50:17,746 [Worker-4] ERROR Studio for Android - Handler could not be instanced(PLUGIN=org.eclipse.sequoyah.device.framework;ERROR=202)
2016-10-19 08:50:17,746 [Worker-4] ERROR Studio for Android - Handler could not be instanced(PLUGIN=org.eclipse.sequoyah.device.framework;ERROR=202)
2016-10-19 08:50:17,746 [Worker-4] ERROR Studio for Android - Handler could not be instanced(PLUGIN=org.eclipse.sequoyah.device.framework;ERROR=202)
2016-10-19 08:50:17,746 [Worker-4] ERROR Studio for Android - Handler could not be instanced(PLUGIN=org.eclipse.sequoyah.device.framework;ERROR=202)
2016-10-19 08:50:17,746 [Worker-4] INFO  Studio for Android - [Status: id=org.eclipse.andmore.android.emulator.status.offline;name=Offline]
2016-10-19 08:50:17,746 [Worker-4] INFO  Studio for Android - [Status: id=org.eclipse.andmore.android.handset.status.handsetonline;name=Online]
2016-10-19 08:50:17,746 [Worker-4] INFO  Studio for Android - [Status: id=INACTIVE;name=INACTIVE]
2016-10-19 08:50:17,747 [Worker-4] INFO  Studio for Android - [Status: id=org.eclipse.andmore.android.emulator.status.notavailable;name=Not available]
2016-10-19 08:50:17,747 [Worker-4] INFO  Studio for Android - [Status: id=IDLE;name=IDLE]
2016-10-19 08:50:17,747 [Worker-4] INFO  Studio for Android - [Status: id=org.eclipse.andmore.android.remote.status.connected;name=Connected]
2016-10-19 08:50:17,747 [Worker-4] INFO  Studio for Android - [Status: id=org.eclipse.andmore.android.remote.status.disconnected;name=Disconnected]
2016-10-19 08:50:17,747 [Worker-4] INFO  Studio for Android - [Status: id=org.eclipse.andmore.android.emulator.status.online;name=Online]
2016-10-19 08:50:17,747 [Worker-4] INFO  Studio for Android - [Status: id=OFF;name=OFF]
2016-10-19 08:50:17,747 [Worker-4] INFO  Studio for Android - [Status: id=org.eclipse.andmore.android.emulator.status.offlineNoData;name=Offline (no user data)]
2016-10-19 08:50:18,430 [Worker-3] DEBUG class org.eclipse.andmore.android.AndroidPlugin - Notify SDK loader listeners
2016-10-19 08:55:04,528 [main] ERROR Studio for Android - org.eclipse.sequoyah.localization.tools.managers.LocalizationManager: Error getting Localization Schema
2016-10-19 08:55:04,529 [main] ERROR Studio for Android - org.eclipse.sequoyah.localization.tools.managers.LocalizationManager: Error getting Localization Schema
